<?xml version="1.0" encoding="UTF-8"?>
<robot generator="Robot 7.2rc1 (Python 3.12.8 on win32)" generated="2025-01-28T18:54:48.055165" rpa="false" schemaversion="5">
<suite id="s1" name="Example Test" source="C:\QA\Lab7\webdemo-master\login_tests\example_test.robot">
<test id="s1-t1" name="Test Example Page" line="9">
<kw name="Open Browser" owner="SeleniumLibrary">
<msg time="2025-01-28T18:54:48.324790" level="INFO">Opening browser 'Chrome' to base url 'https://example.com'.</msg>
<arg>${URL}</arg>
<arg>${BROWSER}</arg>
<doc>Opens a new browser instance to the optional ``url``.</doc>
<status status="PASS" start="2025-01-28T18:54:48.323652" elapsed="11.831539"/>
</kw>
<kw name="Title Should Be" owner="SeleniumLibrary">
<msg time="2025-01-28T18:55:00.171762" level="INFO">Page title is 'Example Domain'.</msg>
<arg>Example Domain</arg>
<doc>Verifies that the current page title equals ``title``.</doc>
<status status="PASS" start="2025-01-28T18:55:00.156205" elapsed="0.015557"/>
</kw>
<kw name="Page Should Contain" owner="SeleniumLibrary">
<msg time="2025-01-28T18:55:00.200620" level="INFO">Current page contains text 'Example Domain'.</msg>
<arg>Example Domain</arg>
<doc>Verifies that current page contains ``text``.</doc>
<status status="PASS" start="2025-01-28T18:55:00.172784" elapsed="0.027836"/>
</kw>
<kw name="Close Browser" owner="SeleniumLibrary">
<doc>Closes the current browser.</doc>
<status status="PASS" start="2025-01-28T18:55:00.200620" elapsed="2.168911"/>
</kw>
<doc>เปิดหน้า Example.com และตรวจสอบว่ามีข้อความ Example Domain</doc>
<status status="PASS" start="2025-01-28T18:54:48.322120" elapsed="14.047411"/>
</test>
<test id="s1-t2" name="Test Search Google" line="16">
<kw name="Open Browser" owner="SeleniumLibrary">
<msg time="2025-01-28T18:55:02.371549" level="INFO">Opening browser 'Chrome' to base url 'https://www.google.com'.</msg>
<arg>https://www.google.com</arg>
<arg>${BROWSER}</arg>
<doc>Opens a new browser instance to the optional ``url``.</doc>
<status status="PASS" start="2025-01-28T18:55:02.371549" elapsed="2.693249"/>
</kw>
<kw name="Input Text" owner="SeleniumLibrary">
<msg time="2025-01-28T18:55:05.065808" level="INFO">Typing text 'Robot Framework' into text field 'name:q'.</msg>
<arg>name:q</arg>
<arg>Robot Framework</arg>
<doc>Types the given ``text`` into the text field identified by ``locator``.</doc>
<status status="PASS" start="2025-01-28T18:55:05.065808" elapsed="0.281887"/>
</kw>
<kw name="Press Keys" owner="SeleniumLibrary">
<msg time="2025-01-28T18:55:05.348699" level="INFO">Sending key(s) ('\\13',) to name:q element.</msg>
<msg time="2025-01-28T18:55:05.709522" level="INFO">Sending keys \13</msg>
<arg>name:q</arg>
<arg>\\13</arg>
<doc>Simulates the user pressing key(s) to an element or on the active browser.</doc>
<status status="PASS" start="2025-01-28T18:55:05.347695" elapsed="0.385368"/>
</kw>
<kw name="Page Should Contain" owner="SeleniumLibrary">
<msg time="2025-01-28T18:55:05.914794" level="INFO" html="true">&lt;/td&gt;&lt;/tr&gt;&lt;tr&gt;&lt;td colspan="3"&gt;&lt;a href="selenium-screenshot-67.png"&gt;&lt;img src="selenium-screenshot-67.png" width="800px"&gt;&lt;/a&gt;</msg>
<msg time="2025-01-28T18:55:05.914794" level="FAIL">Page should have contained text 'Robot Framework' but did not.</msg>
<arg>Robot Framework</arg>
<doc>Verifies that current page contains ``text``.</doc>
<status status="FAIL" start="2025-01-28T18:55:05.733063" elapsed="0.198731">Page should have contained text 'Robot Framework' but did not.</status>
</kw>
<kw name="Close Browser" owner="SeleniumLibrary">
<doc>Closes the current browser.</doc>
<status status="NOT RUN" start="2025-01-28T18:55:05.931794" elapsed="0.000000"/>
</kw>
<doc>ทดสอบการค้นหาบน Google</doc>
<status status="FAIL" start="2025-01-28T18:55:02.370553" elapsed="3.561241">Page should have contained text 'Robot Framework' but did not.</status>
</test>
<status status="FAIL" start="2025-01-28T18:54:48.056189" elapsed="17.877113"/>
</suite>
<statistics>
<total>
<stat pass="1" fail="1" skip="0">All Tests</stat>
</total>
<tag>
</tag>
<suite>
<stat name="Example Test" id="s1" pass="1" fail="1" skip="0">Example Test</stat>
</suite>
</statistics>
<errors>
</errors>
</robot>
